2023-11-18 22:20:05.5643||DEBUG|Microsoft.EntityFrameworkCore.Infrastructure|An 'IServiceProvider' was created for internal use by Entity Framework. 
2023-11-18 22:20:05.9121||DEBUG|Microsoft.EntityFrameworkCore.Infrastructure|Entity Framework Core 7.0.2 initialized 'AlgorithmDbContext' using provider 'Pomelo.EntityFrameworkCore.MySql:7.0.0' with options: ServerVersion 10.6.16-mariadb  
2023-11-18 22:20:05.9121||DEBUG|Microsoft.EntityFrameworkCore.Database.Connection|Creating DbConnection. 
2023-11-18 22:20:05.9121||DEBUG|Microsoft.EntityFrameworkCore.Database.Connection|Created DbConnection. (1ms). 
2023-11-18 22:20:05.9121||DEBUG|Microsoft.EntityFrameworkCore.Database.Connection|Opening connection to database '' on server 'localhost'. 
2023-11-18 22:20:05.9121||DEBUG|Microsoft.EntityFrameworkCore.Database.Connection|Opened connection to database '' on server 'localhost'. 
2023-11-18 22:20:05.9121||DEBUG|Microsoft.EntityFrameworkCore.Database.Connection|Creating DbConnection. 
2023-11-18 22:20:05.9121||DEBUG|Microsoft.EntityFrameworkCore.Database.Connection|Created DbConnection. (0ms). 
2023-11-18 22:20:05.9357||DEBUG|Microsoft.EntityFrameworkCore.Database.Connection|Disposing connection to database '' on server 'localhost'. 
2023-11-18 22:20:05.9357||DEBUG|Microsoft.EntityFrameworkCore.Database.Connection|Disposed connection to database '' on server 'localhost' (0ms). 
2023-11-18 22:20:05.9466||DEBUG|Microsoft.EntityFrameworkCore.Query|Compiling query expression: 
'DbSet<Algorithm>()
    .Any()' 
2023-11-18 22:20:05.9985||DEBUG|Microsoft.EntityFrameworkCore.Query|Generated query execution expression: 
'queryContext => new SingleQueryingEnumerable<bool>(
    (RelationalQueryContext)queryContext, 
    RelationalCommandCache.QueryExpression(
        Projection Mapping:
            EmptyProjectionMember -> 0
        SELECT EXISTS (
            SELECT 1
            FROM Algorithms AS a)), 
    null, 
    Func<QueryContext, DbDataReader, ResultContext, SingleQueryResultCoordinator, bool>, 
    Metaheuristic_system.Entities.AlgorithmDbContext, 
    False, 
    False, 
    True
)
    .Single()' 
2023-11-18 22:20:06.0072||DEBUG|Microsoft.EntityFrameworkCore.Database.Command|Creating DbCommand for 'ExecuteReader'. 
2023-11-18 22:20:06.0072||DEBUG|Microsoft.EntityFrameworkCore.Database.Command|Created DbCommand for 'ExecuteReader' (1ms). 
2023-11-18 22:20:06.0072||DEBUG|Microsoft.EntityFrameworkCore.Database.Command|Initialized DbCommand for 'ExecuteReader' (2ms). 
2023-11-18 22:20:06.0072||DEBUG|Microsoft.EntityFrameworkCore.Database.Connection|Opening connection to database 'metaheuristicsystem' on server 'localhost'. 
2023-11-18 22:20:06.0072||DEBUG|Microsoft.EntityFrameworkCore.Database.Connection|Opened connection to database 'metaheuristicsystem' on server 'localhost'. 
2023-11-18 22:20:06.0072||DEBUG|Microsoft.EntityFrameworkCore.Database.Command|Executing DbCommand [Parameters=[], CommandType='Text', CommandTimeout='30']
SELECT EXISTS (
    SELECT 1
    FROM `Algorithms` AS `a`) 
2023-11-18 22:20:06.0269||INFO|Microsoft.EntityFrameworkCore.Database.Command|Executed DbCommand (7ms) [Parameters=[], CommandType='Text', CommandTimeout='30']
SELECT EXISTS (
    SELECT 1
    FROM `Algorithms` AS `a`) 
2023-11-18 22:20:06.0269||DEBUG|Microsoft.EntityFrameworkCore.Database.Command|Closing data reader to 'metaheuristicsystem' on server 'localhost'. 
2023-11-18 22:20:06.0269||DEBUG|Microsoft.EntityFrameworkCore.Database.Command|A data reader for 'metaheuristicsystem' on server 'localhost' is being disposed after spending 2ms reading results. 
2023-11-18 22:20:06.0269||DEBUG|Microsoft.EntityFrameworkCore.Database.Connection|Closing connection to database 'metaheuristicsystem' on server 'localhost'. 
2023-11-18 22:20:06.0269||DEBUG|Microsoft.EntityFrameworkCore.Database.Connection|Closed connection to database 'metaheuristicsystem' on server 'localhost' (0ms). 
2023-11-18 22:20:06.1341||DEBUG|Microsoft.AspNetCore.Mvc.ModelBinding.ModelBinderFactory|Registered model binder providers, in the following order: Microsoft.AspNetCore.Mvc.ModelBinding.Binders.BinderTypeModelBinderProvider, Microsoft.AspNetCore.Mvc.ModelBinding.Binders.ServicesModelBinderProvider, Microsoft.AspNetCore.Mvc.ModelBinding.Binders.BodyModelBinderProvider, Microsoft.AspNetCore.Mvc.ModelBinding.Binders.HeaderModelBinderProvider, Microsoft.AspNetCore.Mvc.ModelBinding.Binders.FloatingPointTypeModelBinderProvider, Microsoft.AspNetCore.Mvc.ModelBinding.Binders.EnumTypeModelBinderProvider, Microsoft.AspNetCore.Mvc.ModelBinding.Binders.DateTimeModelBinderProvider, Microsoft.AspNetCore.Mvc.ModelBinding.Binders.SimpleTypeModelBinderProvider, Microsoft.AspNetCore.Mvc.ModelBinding.Binders.TryParseModelBinderProvider, Microsoft.AspNetCore.Mvc.ModelBinding.Binders.CancellationTokenModelBinderProvider, Microsoft.AspNetCore.Mvc.ModelBinding.Binders.ByteArrayModelBinderProvider, Microsoft.AspNetCore.Mvc.ModelBinding.Binders.FormFileModelBinderProvider, Microsoft.AspNetCore.Mvc.ModelBinding.Binders.FormCollectionModelBinderProvider, Microsoft.AspNetCore.Mvc.ModelBinding.Binders.KeyValuePairModelBinderProvider, Microsoft.AspNetCore.Mvc.ModelBinding.Binders.DictionaryModelBinderProvider, Microsoft.AspNetCore.Mvc.ModelBinding.Binders.ArrayModelBinderProvider, Microsoft.AspNetCore.Mvc.ModelBinding.Binders.CollectionModelBinderProvider, Microsoft.AspNetCore.Mvc.ModelBinding.Binders.ComplexObjectModelBinderProvider 
2023-11-18 22:20:06.1632||DEBUG|Microsoft.Extensions.Hosting.Internal.Host|Hosting starting 
2023-11-18 22:20:06.3614||INFO|Microsoft.Hosting.Lifetime|Now listening on: https://localhost:7042 
2023-11-18 22:20:06.3623||INFO|Microsoft.Hosting.Lifetime|Now listening on: http://localhost:5189 
2023-11-18 22:20:06.3623||DEBUG|Microsoft.AspNetCore.Hosting.Diagnostics|Loaded hosting startup assembly Metaheuristic_system 
2023-11-18 22:20:06.3623||DEBUG|Microsoft.AspNetCore.Hosting.Diagnostics|Loaded hosting startup assembly Microsoft.AspNetCore.Watch.BrowserRefresh 
2023-11-18 22:20:06.3623||DEBUG|Microsoft.AspNetCore.Hosting.Diagnostics|Loaded hosting startup assembly Microsoft.WebTools.BrowserLink.Net 
2023-11-18 22:20:06.3623||INFO|Microsoft.Hosting.Lifetime|Application started. Press Ctrl+C to shut down. 
2023-11-18 22:20:06.3623||INFO|Microsoft.Hosting.Lifetime|Hosting environment: Development 
2023-11-18 22:20:06.3623||INFO|Microsoft.Hosting.Lifetime|Content root path: C:\Users\Jakub\Desktop\Programowanie\Metaheuristic_system\Metaheuristic_system 
2023-11-18 22:20:06.3623||DEBUG|Microsoft.Extensions.Hosting.Internal.Host|Hosting started 
2023-11-18 22:22:22.0484||DEBUG|Microsoft.EntityFrameworkCore.Infrastructure|An 'IServiceProvider' was created for internal use by Entity Framework. 
2023-11-18 22:22:22.2698||DEBUG|Microsoft.EntityFrameworkCore.Infrastructure|Entity Framework Core 7.0.2 initialized 'AlgorithmDbContext' using provider 'Pomelo.EntityFrameworkCore.MySql:7.0.0' with options: ServerVersion 10.6.16-mariadb  
2023-11-18 22:22:22.2698||DEBUG|Microsoft.EntityFrameworkCore.Database.Connection|Creating DbConnection. 
2023-11-18 22:22:22.2698||DEBUG|Microsoft.EntityFrameworkCore.Database.Connection|Created DbConnection. (1ms). 
2023-11-18 22:22:22.2698||DEBUG|Microsoft.EntityFrameworkCore.Database.Connection|Opening connection to database '' on server 'localhost'. 
2023-11-18 22:22:22.2698||DEBUG|Microsoft.EntityFrameworkCore.Database.Connection|Opened connection to database '' on server 'localhost'. 
2023-11-18 22:22:22.2698||DEBUG|Microsoft.EntityFrameworkCore.Database.Connection|Creating DbConnection. 
2023-11-18 22:22:22.2698||DEBUG|Microsoft.EntityFrameworkCore.Database.Connection|Created DbConnection. (0ms). 
2023-11-18 22:22:22.2935||DEBUG|Microsoft.EntityFrameworkCore.Database.Connection|Disposing connection to database '' on server 'localhost'. 
2023-11-18 22:22:22.2935||DEBUG|Microsoft.EntityFrameworkCore.Database.Connection|Disposed connection to database '' on server 'localhost' (0ms). 
2023-11-18 22:22:22.3053||DEBUG|Microsoft.EntityFrameworkCore.Query|Compiling query expression: 
'DbSet<Algorithm>()
    .Any()' 
2023-11-18 22:22:22.3649||DEBUG|Microsoft.EntityFrameworkCore.Query|Generated query execution expression: 
'queryContext => new SingleQueryingEnumerable<bool>(
    (RelationalQueryContext)queryContext, 
    RelationalCommandCache.QueryExpression(
        Projection Mapping:
            EmptyProjectionMember -> 0
        SELECT EXISTS (
            SELECT 1
            FROM Algorithms AS a)), 
    null, 
    Func<QueryContext, DbDataReader, ResultContext, SingleQueryResultCoordinator, bool>, 
    Metaheuristic_system.Entities.AlgorithmDbContext, 
    False, 
    False, 
    True
)
    .Single()' 
2023-11-18 22:22:22.3649||DEBUG|Microsoft.EntityFrameworkCore.Database.Command|Creating DbCommand for 'ExecuteReader'. 
2023-11-18 22:22:22.3649||DEBUG|Microsoft.EntityFrameworkCore.Database.Command|Created DbCommand for 'ExecuteReader' (1ms). 
2023-11-18 22:22:22.3649||DEBUG|Microsoft.EntityFrameworkCore.Database.Command|Initialized DbCommand for 'ExecuteReader' (3ms). 
2023-11-18 22:22:22.3649||DEBUG|Microsoft.EntityFrameworkCore.Database.Connection|Opening connection to database 'metaheuristicsystem' on server 'localhost'. 
2023-11-18 22:22:22.3798||DEBUG|Microsoft.EntityFrameworkCore.Database.Connection|Opened connection to database 'metaheuristicsystem' on server 'localhost'. 
2023-11-18 22:22:22.3798||DEBUG|Microsoft.EntityFrameworkCore.Database.Command|Executing DbCommand [Parameters=[], CommandType='Text', CommandTimeout='30']
SELECT EXISTS (
    SELECT 1
    FROM `Algorithms` AS `a`) 
2023-11-18 22:22:22.3798||INFO|Microsoft.EntityFrameworkCore.Database.Command|Executed DbCommand (5ms) [Parameters=[], CommandType='Text', CommandTimeout='30']
SELECT EXISTS (
    SELECT 1
    FROM `Algorithms` AS `a`) 
2023-11-18 22:22:22.3956||DEBUG|Microsoft.EntityFrameworkCore.Database.Command|Closing data reader to 'metaheuristicsystem' on server 'localhost'. 
2023-11-18 22:22:22.3956||DEBUG|Microsoft.EntityFrameworkCore.Database.Command|A data reader for 'metaheuristicsystem' on server 'localhost' is being disposed after spending 2ms reading results. 
2023-11-18 22:22:22.3956||DEBUG|Microsoft.EntityFrameworkCore.Database.Connection|Closing connection to database 'metaheuristicsystem' on server 'localhost'. 
2023-11-18 22:22:22.3956||DEBUG|Microsoft.EntityFrameworkCore.Database.Connection|Closed connection to database 'metaheuristicsystem' on server 'localhost' (0ms). 
2023-11-18 22:22:22.4325||DEBUG|Microsoft.AspNetCore.Mvc.ModelBinding.ModelBinderFactory|Registered model binder providers, in the following order: Microsoft.AspNetCore.Mvc.ModelBinding.Binders.BinderTypeModelBinderProvider, Microsoft.AspNetCore.Mvc.ModelBinding.Binders.ServicesModelBinderProvider, Microsoft.AspNetCore.Mvc.ModelBinding.Binders.BodyModelBinderProvider, Microsoft.AspNetCore.Mvc.ModelBinding.Binders.HeaderModelBinderProvider, Microsoft.AspNetCore.Mvc.ModelBinding.Binders.FloatingPointTypeModelBinderProvider, Microsoft.AspNetCore.Mvc.ModelBinding.Binders.EnumTypeModelBinderProvider, Microsoft.AspNetCore.Mvc.ModelBinding.Binders.DateTimeModelBinderProvider, Microsoft.AspNetCore.Mvc.ModelBinding.Binders.SimpleTypeModelBinderProvider, Microsoft.AspNetCore.Mvc.ModelBinding.Binders.TryParseModelBinderProvider, Microsoft.AspNetCore.Mvc.ModelBinding.Binders.CancellationTokenModelBinderProvider, Microsoft.AspNetCore.Mvc.ModelBinding.Binders.ByteArrayModelBinderProvider, Microsoft.AspNetCore.Mvc.ModelBinding.Binders.FormFileModelBinderProvider, Microsoft.AspNetCore.Mvc.ModelBinding.Binders.FormCollectionModelBinderProvider, Microsoft.AspNetCore.Mvc.ModelBinding.Binders.KeyValuePairModelBinderProvider, Microsoft.AspNetCore.Mvc.ModelBinding.Binders.DictionaryModelBinderProvider, Microsoft.AspNetCore.Mvc.ModelBinding.Binders.ArrayModelBinderProvider, Microsoft.AspNetCore.Mvc.ModelBinding.Binders.CollectionModelBinderProvider, Microsoft.AspNetCore.Mvc.ModelBinding.Binders.ComplexObjectModelBinderProvider 
2023-11-18 22:22:22.4493||DEBUG|Microsoft.Extensions.Hosting.Internal.Host|Hosting starting 
2023-11-18 22:22:22.5253||INFO|Microsoft.Hosting.Lifetime|Now listening on: https://localhost:7042 
2023-11-18 22:22:22.5253||INFO|Microsoft.Hosting.Lifetime|Now listening on: http://localhost:5189 
2023-11-18 22:22:22.5253||DEBUG|Microsoft.AspNetCore.Hosting.Diagnostics|Loaded hosting startup assembly Metaheuristic_system 
2023-11-18 22:22:22.5253||DEBUG|Microsoft.AspNetCore.Hosting.Diagnostics|Loaded hosting startup assembly Microsoft.AspNetCore.Watch.BrowserRefresh 
2023-11-18 22:22:22.5253||DEBUG|Microsoft.AspNetCore.Hosting.Diagnostics|Loaded hosting startup assembly Microsoft.WebTools.BrowserLink.Net 
2023-11-18 22:22:22.5253||INFO|Microsoft.Hosting.Lifetime|Application started. Press Ctrl+C to shut down. 
2023-11-18 22:22:22.5253||INFO|Microsoft.Hosting.Lifetime|Hosting environment: Development 
2023-11-18 22:22:22.5253||INFO|Microsoft.Hosting.Lifetime|Content root path: C:\Users\Jakub\Desktop\Programowanie\Metaheuristic_system\Metaheuristic_system 
2023-11-18 22:22:22.5253||DEBUG|Microsoft.Extensions.Hosting.Internal.Host|Hosting started 
2023-11-18 22:22:45.8357||DEBUG|Microsoft.EntityFrameworkCore.Infrastructure|An 'IServiceProvider' was created for internal use by Entity Framework. 
2023-11-18 22:22:46.0458||DEBUG|Microsoft.EntityFrameworkCore.Infrastructure|Entity Framework Core 7.0.2 initialized 'AlgorithmDbContext' using provider 'Pomelo.EntityFrameworkCore.MySql:7.0.0' with options: ServerVersion 10.6.16-mariadb  
2023-11-18 22:22:46.0497||DEBUG|Microsoft.EntityFrameworkCore.Database.Connection|Creating DbConnection. 
2023-11-18 22:22:46.0497||DEBUG|Microsoft.EntityFrameworkCore.Database.Connection|Created DbConnection. (1ms). 
2023-11-18 22:22:46.0497||DEBUG|Microsoft.EntityFrameworkCore.Database.Connection|Opening connection to database '' on server 'localhost'. 
2023-11-18 22:22:46.0497||DEBUG|Microsoft.EntityFrameworkCore.Database.Connection|Opened connection to database '' on server 'localhost'. 
2023-11-18 22:22:46.0497||DEBUG|Microsoft.EntityFrameworkCore.Database.Connection|Creating DbConnection. 
2023-11-18 22:22:46.0497||DEBUG|Microsoft.EntityFrameworkCore.Database.Connection|Created DbConnection. (0ms). 
2023-11-18 22:22:46.0687||DEBUG|Microsoft.EntityFrameworkCore.Database.Connection|Disposing connection to database '' on server 'localhost'. 
2023-11-18 22:22:46.0687||DEBUG|Microsoft.EntityFrameworkCore.Database.Connection|Disposed connection to database '' on server 'localhost' (0ms). 
2023-11-18 22:22:46.0687||DEBUG|Microsoft.EntityFrameworkCore.Query|Compiling query expression: 
'DbSet<Algorithm>()
    .Any()' 
2023-11-18 22:22:46.1299||DEBUG|Microsoft.EntityFrameworkCore.Query|Generated query execution expression: 
'queryContext => new SingleQueryingEnumerable<bool>(
    (RelationalQueryContext)queryContext, 
    RelationalCommandCache.QueryExpression(
        Projection Mapping:
            EmptyProjectionMember -> 0
        SELECT EXISTS (
            SELECT 1
            FROM Algorithms AS a)), 
    null, 
    Func<QueryContext, DbDataReader, ResultContext, SingleQueryResultCoordinator, bool>, 
    Metaheuristic_system.Entities.AlgorithmDbContext, 
    False, 
    False, 
    True
)
    .Single()' 
2023-11-18 22:22:46.1299||DEBUG|Microsoft.EntityFrameworkCore.Database.Command|Creating DbCommand for 'ExecuteReader'. 
2023-11-18 22:22:46.1299||DEBUG|Microsoft.EntityFrameworkCore.Database.Command|Created DbCommand for 'ExecuteReader' (1ms). 
2023-11-18 22:22:46.1299||DEBUG|Microsoft.EntityFrameworkCore.Database.Command|Initialized DbCommand for 'ExecuteReader' (2ms). 
2023-11-18 22:22:46.1299||DEBUG|Microsoft.EntityFrameworkCore.Database.Connection|Opening connection to database 'metaheuristicsystem' on server 'localhost'. 
2023-11-18 22:22:46.1299||DEBUG|Microsoft.EntityFrameworkCore.Database.Connection|Opened connection to database 'metaheuristicsystem' on server 'localhost'. 
2023-11-18 22:22:46.1453||DEBUG|Microsoft.EntityFrameworkCore.Database.Command|Executing DbCommand [Parameters=[], CommandType='Text', CommandTimeout='30']
SELECT EXISTS (
    SELECT 1
    FROM `Algorithms` AS `a`) 
2023-11-18 22:22:46.1453||INFO|Microsoft.EntityFrameworkCore.Database.Command|Executed DbCommand (4ms) [Parameters=[], CommandType='Text', CommandTimeout='30']
SELECT EXISTS (
    SELECT 1
    FROM `Algorithms` AS `a`) 
2023-11-18 22:22:46.1453||DEBUG|Microsoft.EntityFrameworkCore.Database.Command|Closing data reader to 'metaheuristicsystem' on server 'localhost'. 
2023-11-18 22:22:46.1453||DEBUG|Microsoft.EntityFrameworkCore.Database.Command|A data reader for 'metaheuristicsystem' on server 'localhost' is being disposed after spending 2ms reading results. 
2023-11-18 22:22:46.1453||DEBUG|Microsoft.EntityFrameworkCore.Database.Connection|Closing connection to database 'metaheuristicsystem' on server 'localhost'. 
2023-11-18 22:22:46.1453||DEBUG|Microsoft.EntityFrameworkCore.Database.Connection|Closed connection to database 'metaheuristicsystem' on server 'localhost' (0ms). 
2023-11-18 22:22:46.1865||DEBUG|Microsoft.AspNetCore.Mvc.ModelBinding.ModelBinderFactory|Registered model binder providers, in the following order: Microsoft.AspNetCore.Mvc.ModelBinding.Binders.BinderTypeModelBinderProvider, Microsoft.AspNetCore.Mvc.ModelBinding.Binders.ServicesModelBinderProvider, Microsoft.AspNetCore.Mvc.ModelBinding.Binders.BodyModelBinderProvider, Microsoft.AspNetCore.Mvc.ModelBinding.Binders.HeaderModelBinderProvider, Microsoft.AspNetCore.Mvc.ModelBinding.Binders.FloatingPointTypeModelBinderProvider, Microsoft.AspNetCore.Mvc.ModelBinding.Binders.EnumTypeModelBinderProvider, Microsoft.AspNetCore.Mvc.ModelBinding.Binders.DateTimeModelBinderProvider, Microsoft.AspNetCore.Mvc.ModelBinding.Binders.SimpleTypeModelBinderProvider, Microsoft.AspNetCore.Mvc.ModelBinding.Binders.TryParseModelBinderProvider, Microsoft.AspNetCore.Mvc.ModelBinding.Binders.CancellationTokenModelBinderProvider, Microsoft.AspNetCore.Mvc.ModelBinding.Binders.ByteArrayModelBinderProvider, Microsoft.AspNetCore.Mvc.ModelBinding.Binders.FormFileModelBinderProvider, Microsoft.AspNetCore.Mvc.ModelBinding.Binders.FormCollectionModelBinderProvider, Microsoft.AspNetCore.Mvc.ModelBinding.Binders.KeyValuePairModelBinderProvider, Microsoft.AspNetCore.Mvc.ModelBinding.Binders.DictionaryModelBinderProvider, Microsoft.AspNetCore.Mvc.ModelBinding.Binders.ArrayModelBinderProvider, Microsoft.AspNetCore.Mvc.ModelBinding.Binders.CollectionModelBinderProvider, Microsoft.AspNetCore.Mvc.ModelBinding.Binders.ComplexObjectModelBinderProvider 
2023-11-18 22:22:46.2006||DEBUG|Microsoft.Extensions.Hosting.Internal.Host|Hosting starting 
2023-11-18 22:22:46.2710||INFO|Microsoft.Hosting.Lifetime|Now listening on: https://localhost:7042 
2023-11-18 22:22:46.2710||INFO|Microsoft.Hosting.Lifetime|Now listening on: http://localhost:5189 
2023-11-18 22:22:46.2710||DEBUG|Microsoft.AspNetCore.Hosting.Diagnostics|Loaded hosting startup assembly Metaheuristic_system 
2023-11-18 22:22:46.2710||DEBUG|Microsoft.AspNetCore.Hosting.Diagnostics|Loaded hosting startup assembly Microsoft.AspNetCore.Watch.BrowserRefresh 
2023-11-18 22:22:46.2710||DEBUG|Microsoft.AspNetCore.Hosting.Diagnostics|Loaded hosting startup assembly Microsoft.WebTools.BrowserLink.Net 
2023-11-18 22:22:46.2710||INFO|Microsoft.Hosting.Lifetime|Application started. Press Ctrl+C to shut down. 
2023-11-18 22:22:46.2710||INFO|Microsoft.Hosting.Lifetime|Hosting environment: Development 
2023-11-18 22:22:46.2710||INFO|Microsoft.Hosting.Lifetime|Content root path: C:\Users\Jakub\Desktop\Programowanie\Metaheuristic_system\Metaheuristic_system 
2023-11-18 22:22:46.2710||DEBUG|Microsoft.Extensions.Hosting.Internal.Host|Hosting started 
2023-11-18 22:25:27.3627||DEBUG|Microsoft.EntityFrameworkCore.Infrastructure|An 'IServiceProvider' was created for internal use by Entity Framework. 
2023-11-18 22:25:27.5726||DEBUG|Microsoft.EntityFrameworkCore.Infrastructure|Entity Framework Core 7.0.2 initialized 'AlgorithmDbContext' using provider 'Pomelo.EntityFrameworkCore.MySql:7.0.0' with options: ServerVersion 10.6.16-mariadb  
2023-11-18 22:25:27.5726||DEBUG|Microsoft.EntityFrameworkCore.Database.Connection|Creating DbConnection. 
2023-11-18 22:25:27.5726||DEBUG|Microsoft.EntityFrameworkCore.Database.Connection|Created DbConnection. (1ms). 
2023-11-18 22:25:27.5726||DEBUG|Microsoft.EntityFrameworkCore.Database.Connection|Opening connection to database '' on server 'localhost'. 
2023-11-18 22:25:27.5842||DEBUG|Microsoft.EntityFrameworkCore.Database.Connection|Opened connection to database '' on server 'localhost'. 
2023-11-18 22:25:27.5842||DEBUG|Microsoft.EntityFrameworkCore.Database.Connection|Creating DbConnection. 
2023-11-18 22:25:27.5842||DEBUG|Microsoft.EntityFrameworkCore.Database.Connection|Created DbConnection. (0ms). 
2023-11-18 22:25:27.5842||DEBUG|Microsoft.EntityFrameworkCore.Database.Connection|Disposing connection to database '' on server 'localhost'. 
2023-11-18 22:25:27.5978||DEBUG|Microsoft.EntityFrameworkCore.Database.Connection|Disposed connection to database '' on server 'localhost' (0ms). 
2023-11-18 22:25:27.5978||DEBUG|Microsoft.EntityFrameworkCore.Query|Compiling query expression: 
'DbSet<Algorithm>()
    .Any()' 
2023-11-18 22:25:27.6569||DEBUG|Microsoft.EntityFrameworkCore.Query|Generated query execution expression: 
'queryContext => new SingleQueryingEnumerable<bool>(
    (RelationalQueryContext)queryContext, 
    RelationalCommandCache.QueryExpression(
        Projection Mapping:
            EmptyProjectionMember -> 0
        SELECT EXISTS (
            SELECT 1
            FROM Algorithms AS a)), 
    null, 
    Func<QueryContext, DbDataReader, ResultContext, SingleQueryResultCoordinator, bool>, 
    Metaheuristic_system.Entities.AlgorithmDbContext, 
    False, 
    False, 
    True
)
    .Single()' 
2023-11-18 22:25:27.6658||DEBUG|Microsoft.EntityFrameworkCore.Database.Command|Creating DbCommand for 'ExecuteReader'. 
2023-11-18 22:25:27.6658||DEBUG|Microsoft.EntityFrameworkCore.Database.Command|Created DbCommand for 'ExecuteReader' (1ms). 
2023-11-18 22:25:27.6658||DEBUG|Microsoft.EntityFrameworkCore.Database.Command|Initialized DbCommand for 'ExecuteReader' (2ms). 
2023-11-18 22:25:27.6658||DEBUG|Microsoft.EntityFrameworkCore.Database.Connection|Opening connection to database 'metaheuristicsystem' on server 'localhost'. 
2023-11-18 22:25:27.6658||DEBUG|Microsoft.EntityFrameworkCore.Database.Connection|Opened connection to database 'metaheuristicsystem' on server 'localhost'. 
2023-11-18 22:25:27.6658||DEBUG|Microsoft.EntityFrameworkCore.Database.Command|Executing DbCommand [Parameters=[], CommandType='Text', CommandTimeout='30']
SELECT EXISTS (
    SELECT 1
    FROM `Algorithms` AS `a`) 
2023-11-18 22:25:27.6810||INFO|Microsoft.EntityFrameworkCore.Database.Command|Executed DbCommand (4ms) [Parameters=[], CommandType='Text', CommandTimeout='30']
SELECT EXISTS (
    SELECT 1
    FROM `Algorithms` AS `a`) 
2023-11-18 22:25:27.6810||DEBUG|Microsoft.EntityFrameworkCore.Database.Command|Closing data reader to 'metaheuristicsystem' on server 'localhost'. 
2023-11-18 22:25:27.6810||DEBUG|Microsoft.EntityFrameworkCore.Database.Command|A data reader for 'metaheuristicsystem' on server 'localhost' is being disposed after spending 2ms reading results. 
2023-11-18 22:25:27.6810||DEBUG|Microsoft.EntityFrameworkCore.Database.Connection|Closing connection to database 'metaheuristicsystem' on server 'localhost'. 
2023-11-18 22:25:27.6810||DEBUG|Microsoft.EntityFrameworkCore.Database.Connection|Closed connection to database 'metaheuristicsystem' on server 'localhost' (0ms). 
2023-11-18 22:25:27.7120||DEBUG|Microsoft.AspNetCore.Mvc.ModelBinding.ModelBinderFactory|Registered model binder providers, in the following order: Microsoft.AspNetCore.Mvc.ModelBinding.Binders.BinderTypeModelBinderProvider, Microsoft.AspNetCore.Mvc.ModelBinding.Binders.ServicesModelBinderProvider, Microsoft.AspNetCore.Mvc.ModelBinding.Binders.BodyModelBinderProvider, Microsoft.AspNetCore.Mvc.ModelBinding.Binders.HeaderModelBinderProvider, Microsoft.AspNetCore.Mvc.ModelBinding.Binders.FloatingPointTypeModelBinderProvider, Microsoft.AspNetCore.Mvc.ModelBinding.Binders.EnumTypeModelBinderProvider, Microsoft.AspNetCore.Mvc.ModelBinding.Binders.DateTimeModelBinderProvider, Microsoft.AspNetCore.Mvc.ModelBinding.Binders.SimpleTypeModelBinderProvider, Microsoft.AspNetCore.Mvc.ModelBinding.Binders.TryParseModelBinderProvider, Microsoft.AspNetCore.Mvc.ModelBinding.Binders.CancellationTokenModelBinderProvider, Microsoft.AspNetCore.Mvc.ModelBinding.Binders.ByteArrayModelBinderProvider, Microsoft.AspNetCore.Mvc.ModelBinding.Binders.FormFileModelBinderProvider, Microsoft.AspNetCore.Mvc.ModelBinding.Binders.FormCollectionModelBinderProvider, Microsoft.AspNetCore.Mvc.ModelBinding.Binders.KeyValuePairModelBinderProvider, Microsoft.AspNetCore.Mvc.ModelBinding.Binders.DictionaryModelBinderProvider, Microsoft.AspNetCore.Mvc.ModelBinding.Binders.ArrayModelBinderProvider, Microsoft.AspNetCore.Mvc.ModelBinding.Binders.CollectionModelBinderProvider, Microsoft.AspNetCore.Mvc.ModelBinding.Binders.ComplexObjectModelBinderProvider 
2023-11-18 22:25:27.7266||DEBUG|Microsoft.Extensions.Hosting.Internal.Host|Hosting starting 
2023-11-18 22:25:27.7945||INFO|Microsoft.Hosting.Lifetime|Now listening on: https://localhost:7042 
2023-11-18 22:25:27.7945||INFO|Microsoft.Hosting.Lifetime|Now listening on: http://localhost:5189 
2023-11-18 22:25:27.7945||DEBUG|Microsoft.AspNetCore.Hosting.Diagnostics|Loaded hosting startup assembly Metaheuristic_system 
2023-11-18 22:25:27.7945||DEBUG|Microsoft.AspNetCore.Hosting.Diagnostics|Loaded hosting startup assembly Microsoft.AspNetCore.Watch.BrowserRefresh 
2023-11-18 22:25:27.7945||DEBUG|Microsoft.AspNetCore.Hosting.Diagnostics|Loaded hosting startup assembly Microsoft.WebTools.BrowserLink.Net 
2023-11-18 22:25:27.7945||INFO|Microsoft.Hosting.Lifetime|Application started. Press Ctrl+C to shut down. 
2023-11-18 22:25:27.7945||INFO|Microsoft.Hosting.Lifetime|Hosting environment: Development 
2023-11-18 22:25:27.7945||INFO|Microsoft.Hosting.Lifetime|Content root path: C:\Users\Jakub\Desktop\Programowanie\Metaheuristic_system\Metaheuristic_system 
2023-11-18 22:25:27.7945||DEBUG|Microsoft.Extensions.Hosting.Internal.Host|Hosting started 
